Determining if the pthread_create exist failed with the following output:
Change Dir: /home/keita/catkin_ws/build/CMakeFiles/CMakeTmp

Run Build Command:"/usr/bin/make" "cmTC_97a99/fast"
/usr/bin/make -f CMakeFiles/cmTC_97a99.dir/build.make CMakeFiles/cmTC_97a99.dir/build
make[1]: Entering directory '/home/keita/catkin_ws/build/CMakeFiles/CMakeTmp'
Building C object CMakeFiles/cmTC_97a99.dir/CheckSymbolExists.c.o
/usr/bin/cc    -o CMakeFiles/cmTC_97a99.dir/CheckSymbolExists.c.o   -c /home/keita/catkin_ws/build/CMakeFiles/CMakeTmp/CheckSymbolExists.c
Linking C executable cmTC_97a99
/usr/bin/cmake -E cmake_link_script CMakeFiles/cmTC_97a99.dir/link.txt --verbose=1
/usr/bin/cc      -rdynamic CMakeFiles/cmTC_97a99.dir/CheckSymbolExists.c.o  -o cmTC_97a99 
CMakeFiles/cmTC_97a99.dir/CheckSymbolExists.c.o: In function `main':
CheckSymbolExists.c:(.text+0x1b): undefined reference to `pthread_create'
collect2: error: ld returned 1 exit status
CMakeFiles/cmTC_97a99.dir/build.make:97: recipe for target 'cmTC_97a99' failed
make[1]: *** [cmTC_97a99] Error 1
make[1]: Leaving directory '/home/keita/catkin_ws/build/CMakeFiles/CMakeTmp'
Makefile:126: recipe for target 'cmTC_97a99/fast' failed
make: *** [cmTC_97a99/fast] Error 2

File /home/keita/catkin_ws/build/CMakeFiles/CMakeTmp/CheckSymbolExists.c:
/* */
#include <pthread.h>

int main(int argc, char** argv)
{
  (void)argv;
#ifndef pthread_create
  return ((int*)(&pthread_create))[argc];
#else
  (void)argc;
  return 0;
#endif
}

Determining if the function pthread_create exists in the pthreads failed with the following output:
Change Dir: /home/keita/catkin_ws/build/CMakeFiles/CMakeTmp

Run Build Command:"/usr/bin/make" "cmTC_91c1b/fast"
/usr/bin/make -f CMakeFiles/cmTC_91c1b.dir/build.make CMakeFiles/cmTC_91c1b.dir/build
make[1]: Entering directory '/home/keita/catkin_ws/build/CMakeFiles/CMakeTmp'
Building C object CMakeFiles/cmTC_91c1b.dir/CheckFunctionExists.c.o
/usr/bin/cc   -DCHECK_FUNCTION_EXISTS=pthread_create   -o CMakeFiles/cmTC_91c1b.dir/CheckFunctionExists.c.o   -c /usr/share/cmake-3.10/Modules/CheckFunctionExists.c
Linking C executable cmTC_91c1b
/usr/bin/cmake -E cmake_link_script CMakeFiles/cmTC_91c1b.dir/link.txt --verbose=1
/usr/bin/cc  -DCHECK_FUNCTION_EXISTS=pthread_create    -rdynamic CMakeFiles/cmTC_91c1b.dir/CheckFunctionExists.c.o  -o cmTC_91c1b -lpthreads 
/usr/bin/ld: cannot find -lpthreads
collect2: error: ld returned 1 exit status
CMakeFiles/cmTC_91c1b.dir/build.make:97: recipe for target 'cmTC_91c1b' failed
make[1]: *** [cmTC_91c1b] Error 1
make[1]: Leaving directory '/home/keita/catkin_ws/build/CMakeFiles/CMakeTmp'
Makefile:126: recipe for target 'cmTC_91c1b/fast' failed
make: *** [cmTC_91c1b/fast] Error 2


